2025-08-13 11:00:23 [restartedMain] INFO  com.bocxy.ecom.ECom - Starting ECom using Java 17.0.16 on VETRI_BOCXY with PID 22852 (D:\GitHub\crm\ecom\target\classes started by vetri in D:\GitHub\crm\ecom)
2025-08-13 11:00:23 [restartedMain] INFO  com.bocxy.ecom.ECom - No active profile set, falling back to 1 default profile: "default"
2025-08-13 11:00:23 [restartedMain] INFO  org.springframework.boot.devtools.env.DevToolsPropertyDefaultsPostProcessor - Devtools property defaults active! Set 'spring.devtools.add-properties' to 'false' to disable
2025-08-13 11:00:23 [restartedMain] INFO  org.springframework.boot.devtools.env.DevToolsPropertyDefaultsPostProcessor - For additional web related logging consider setting the 'logging.level.web' property to 'DEBUG'
2025-08-13 11:00:24 [restartedMain] INFO  org.springframework.data.repository.config.RepositoryConfigurationDelegate - Bootstrapping Spring Data JPA repositories in DEFAULT mode.
2025-08-13 11:00:24 [restartedMain] INFO  org.springframework.data.repository.config.RepositoryConfigurationDelegate - Finished Spring Data repository scanning in 76 ms. Found 4 JPA repository interfaces.
2025-08-13 11:00:26 [restartedMain] INFO  org.springframework.boot.web.embedded.tomcat.TomcatWebServer - Tomcat initialized with port(s): 8089 (http)
2025-08-13 11:00:26 [restartedMain] INFO  org.apache.coyote.http11.Http11NioProtocol - Initializing ProtocolHandler ["http-nio-8089"]
2025-08-13 11:00:26 [restartedMain] INFO  org.apache.catalina.core.StandardService - Starting service [Tomcat]
2025-08-13 11:00:26 [restartedMain] INFO  org.apache.catalina.core.StandardEngine - Starting Servlet engine: [Apache Tomcat/9.0.76]
2025-08-13 11:00:26 [restartedMain] INFO  org.apache.catalina.core.ContainerBase.[Tomcat].[localhost].[/] - Initializing Spring embedded WebApplicationContext
2025-08-13 11:00:26 [restartedMain] INFO  org.springframework.boot.web.servlet.context.ServletWebServerApplicationContext - Root WebApplicationContext: initialization completed in 2603 ms
2025-08-13 11:00:26 [restartedMain] INFO  org.hibernate.jpa.internal.util.LogHelper - HHH000204: Processing PersistenceUnitInfo [name: default]
2025-08-13 11:00:26 [restartedMain] INFO  org.hibernate.Version - HHH000412: Hibernate ORM core version 5.6.15.Final
2025-08-13 11:00:26 [restartedMain] INFO  org.hibernate.annotations.common.Version - HCANN000001: Hibernate Commons Annotations {5.1.2.Final}
2025-08-13 11:00:27 [restartedMain] INFO  com.zaxxer.hikari.HikariDataSource - HikariPool-1 - Starting...
2025-08-13 11:00:27 [restartedMain] INFO  com.zaxxer.hikari.HikariDataSource - HikariPool-1 - Start completed.
2025-08-13 11:00:27 [restartedMain] INFO  org.hibernate.dialect.Dialect - HHH000400: Using dialect: org.hibernate.dialect.MySQL8Dialect
2025-08-13 11:00:28 [restartedMain] INFO  org.hibernate.engine.transaction.jta.platform.internal.JtaPlatformInitiator - HHH000490: Using JtaPlatform implementation: [org.hibernate.engine.transaction.jta.platform.internal.NoJtaPlatform]
2025-08-13 11:00:28 [restartedMain] INFO  org.springframework.orm.jpa.LocalContainerEntityManagerFactoryBean - Initialized JPA EntityManagerFactory for persistence unit 'default'
2025-08-13 11:00:29 [restartedMain] INFO  org.springframework.security.web.DefaultSecurityFilterChain - Will secure any request with [org.springframework.security.web.session.DisableEncodeUrlFilter@6f06ea42, org.springframework.security.web.context.request.async.WebAsyncManagerIntegrationFilter@a0baf2f, org.springframework.security.web.context.SecurityContextPersistenceFilter@b8483ab, org.springframework.security.web.header.HeaderWriterFilter@25b054f3, org.springframework.security.web.authentication.logout.LogoutFilter@47594fa4, com.bocxy.ecom.jwt.JwtRequestFilter@1239b147, org.springframework.security.web.savedrequest.RequestCacheAwareFilter@4c15e07e, org.springframework.security.web.servletapi.SecurityContextHolderAwareRequestFilter@41dfb3b1, org.springframework.security.web.authentication.AnonymousAuthenticationFilter@228028d5, org.springframework.security.web.session.SessionManagementFilter@62e29465, org.springframework.security.web.access.ExceptionTranslationFilter@31018ea2, org.springframework.security.web.access.intercept.FilterSecurityInterceptor@352c52c3]
2025-08-13 11:00:30 [restartedMain] INFO  org.springframework.boot.devtools.autoconfigure.OptionalLiveReloadServer - LiveReload server is running on port 35729
2025-08-13 11:00:30 [restartedMain] INFO  org.apache.coyote.http11.Http11NioProtocol - Starting ProtocolHandler ["http-nio-8089"]
2025-08-13 11:00:30 [restartedMain] INFO  org.springframework.boot.web.embedded.tomcat.TomcatWebServer - Tomcat started on port(s): 8089 (http) with context path ''
2025-08-13 11:00:30 [restartedMain] INFO  com.bocxy.ecom.ECom - Started ECom in 8.118 seconds (JVM running for 9.574)
2025-08-13 11:02:01 [http-nio-8089-exec-1] INFO  org.apache.catalina.core.ContainerBase.[Tomcat].[localhost].[/] - Initializing Spring DispatcherServlet 'dispatcherServlet'
2025-08-13 11:02:01 [http-nio-8089-exec-1] INFO  org.springframework.web.servlet.DispatcherServlet - Initializing Servlet 'dispatcherServlet'
2025-08-13 11:02:01 [http-nio-8089-exec-1] INFO  org.springframework.web.servlet.DispatcherServlet - Completed initialization in 1 ms
2025-08-13 11:02:03 [http-nio-8089-exec-8] INFO  org.springdoc.api.AbstractOpenApiResource - Init duration for springdoc-openapi is: 1163 ms
2025-08-13 11:06:54 [SpringApplicationShutdownHook] INFO  org.springframework.orm.jpa.LocalContainerEntityManagerFactoryBean - Closing JPA EntityManagerFactory for persistence unit 'default'
2025-08-13 11:06:54 [SpringApplicationShutdownHook] INFO  com.zaxxer.hikari.HikariDataSource - HikariPool-1 - Shutdown initiated...
2025-08-13 11:06:54 [SpringApplicationShutdownHook] INFO  com.zaxxer.hikari.HikariDataSource - HikariPool-1 - Shutdown completed.
2025-08-13 11:07:20 [restartedMain] INFO  com.bocxy.ecom.ECom - Starting ECom using Java 17.0.16 on VETRI_BOCXY with PID 10920 (D:\GitHub\crm\ecom\target\classes started by vetri in D:\GitHub\crm\ecom)
2025-08-13 11:07:20 [restartedMain] INFO  com.bocxy.ecom.ECom - No active profile set, falling back to 1 default profile: "default"
2025-08-13 11:07:21 [restartedMain] INFO  org.springframework.boot.devtools.env.DevToolsPropertyDefaultsPostProcessor - Devtools property defaults active! Set 'spring.devtools.add-properties' to 'false' to disable
2025-08-13 11:07:21 [restartedMain] INFO  org.springframework.boot.devtools.env.DevToolsPropertyDefaultsPostProcessor - For additional web related logging consider setting the 'logging.level.web' property to 'DEBUG'
2025-08-13 11:07:22 [restartedMain] INFO  org.springframework.data.repository.config.RepositoryConfigurationDelegate - Bootstrapping Spring Data JPA repositories in DEFAULT mode.
2025-08-13 11:07:22 [restartedMain] INFO  org.springframework.data.repository.config.RepositoryConfigurationDelegate - Finished Spring Data repository scanning in 77 ms. Found 4 JPA repository interfaces.
2025-08-13 11:07:23 [restartedMain] INFO  org.springframework.boot.web.embedded.tomcat.TomcatWebServer - Tomcat initialized with port(s): 8089 (http)
2025-08-13 11:07:23 [restartedMain] INFO  org.apache.coyote.http11.Http11NioProtocol - Initializing ProtocolHandler ["http-nio-8089"]
2025-08-13 11:07:23 [restartedMain] INFO  org.apache.catalina.core.StandardService - Starting service [Tomcat]
2025-08-13 11:07:23 [restartedMain] INFO  org.apache.catalina.core.StandardEngine - Starting Servlet engine: [Apache Tomcat/9.0.76]
2025-08-13 11:07:23 [restartedMain] INFO  org.apache.catalina.core.ContainerBase.[Tomcat].[localhost].[/] - Initializing Spring embedded WebApplicationContext
2025-08-13 11:07:23 [restartedMain] INFO  org.springframework.boot.web.servlet.context.ServletWebServerApplicationContext - Root WebApplicationContext: initialization completed in 2422 ms
2025-08-13 11:07:23 [restartedMain] INFO  org.hibernate.jpa.internal.util.LogHelper - HHH000204: Processing PersistenceUnitInfo [name: default]
2025-08-13 11:07:23 [restartedMain] INFO  org.hibernate.Version - HHH000412: Hibernate ORM core version 5.6.15.Final
2025-08-13 11:07:24 [restartedMain] INFO  org.hibernate.annotations.common.Version - HCANN000001: Hibernate Commons Annotations {5.1.2.Final}
2025-08-13 11:07:24 [restartedMain] INFO  com.zaxxer.hikari.HikariDataSource - HikariPool-1 - Starting...
2025-08-13 11:07:24 [restartedMain] INFO  com.zaxxer.hikari.HikariDataSource - HikariPool-1 - Start completed.
2025-08-13 11:07:24 [restartedMain] INFO  org.hibernate.dialect.Dialect - HHH000400: Using dialect: org.hibernate.dialect.MySQL8Dialect
2025-08-13 11:07:25 [restartedMain] INFO  org.hibernate.engine.transaction.jta.platform.internal.JtaPlatformInitiator - HHH000490: Using JtaPlatform implementation: [org.hibernate.engine.transaction.jta.platform.internal.NoJtaPlatform]
2025-08-13 11:07:25 [restartedMain] INFO  org.springframework.orm.jpa.LocalContainerEntityManagerFactoryBean - Initialized JPA EntityManagerFactory for persistence unit 'default'
2025-08-13 11:07:26 [restartedMain] INFO  org.springframework.security.web.DefaultSecurityFilterChain - Will secure any request with [org.springframework.security.web.session.DisableEncodeUrlFilter@6984a40f, org.springframework.security.web.context.request.async.WebAsyncManagerIntegrationFilter@45789e0, org.springframework.security.web.context.SecurityContextPersistenceFilter@6bdf195e, org.springframework.security.web.header.HeaderWriterFilter@31ebc342, org.springframework.security.web.authentication.logout.LogoutFilter@1b1da4f, com.bocxy.ecom.jwt.JwtRequestFilter@2e942435, org.springframework.security.web.savedrequest.RequestCacheAwareFilter@38a9e511, org.springframework.security.web.servletapi.SecurityContextHolderAwareRequestFilter@ce7d905, org.springframework.security.web.authentication.AnonymousAuthenticationFilter@4c6f28ca, org.springframework.security.web.session.SessionManagementFilter@1242814e, org.springframework.security.web.access.ExceptionTranslationFilter@63ae0424, org.springframework.security.web.access.intercept.FilterSecurityInterceptor@37fb84b0]
2025-08-13 11:07:28 [restartedMain] INFO  org.springframework.boot.devtools.autoconfigure.OptionalLiveReloadServer - LiveReload server is running on port 35729
2025-08-13 11:07:28 [restartedMain] INFO  org.apache.coyote.http11.Http11NioProtocol - Starting ProtocolHandler ["http-nio-8089"]
2025-08-13 11:07:28 [restartedMain] INFO  org.springframework.boot.web.embedded.tomcat.TomcatWebServer - Tomcat started on port(s): 8089 (http) with context path ''
2025-08-13 11:07:28 [restartedMain] INFO  com.bocxy.ecom.ECom - Started ECom in 7.937 seconds (JVM running for 9.186)
2025-08-13 11:08:01 [http-nio-8089-exec-2] INFO  org.apache.catalina.core.ContainerBase.[Tomcat].[localhost].[/] - Initializing Spring DispatcherServlet 'dispatcherServlet'
2025-08-13 11:08:01 [http-nio-8089-exec-2] INFO  org.springframework.web.servlet.DispatcherServlet - Initializing Servlet 'dispatcherServlet'
2025-08-13 11:08:01 [http-nio-8089-exec-2] INFO  org.springframework.web.servlet.DispatcherServlet - Completed initialization in 2 ms
2025-08-13 11:08:08 [http-nio-8089-exec-3] WARN  org.springframework.web.servlet.mvc.support.DefaultHandlerExceptionResolver - Resolved [org.springframework.web.bind.MissingServletRequestParameterException: Required request parameter 'productBrand' for method parameter type String is not present]
2025-08-13 11:27:17 [SpringApplicationShutdownHook] INFO  org.springframework.orm.jpa.LocalContainerEntityManagerFactoryBean - Closing JPA EntityManagerFactory for persistence unit 'default'
2025-08-13 11:27:17 [SpringApplicationShutdownHook] INFO  com.zaxxer.hikari.HikariDataSource - HikariPool-1 - Shutdown initiated...
2025-08-13 11:27:17 [SpringApplicationShutdownHook] INFO  com.zaxxer.hikari.HikariDataSource - HikariPool-1 - Shutdown completed.
2025-08-13 11:27:23 [restartedMain] INFO  com.bocxy.ecom.ECom - Starting ECom using Java 17.0.16 on VETRI_BOCXY with PID 5028 (D:\GitHub\crm\ecom\target\classes started by vetri in D:\GitHub\crm\ecom)
2025-08-13 11:27:23 [restartedMain] INFO  com.bocxy.ecom.ECom - No active profile set, falling back to 1 default profile: "default"
2025-08-13 11:27:23 [restartedMain] INFO  org.springframework.boot.devtools.env.DevToolsPropertyDefaultsPostProcessor - Devtools property defaults active! Set 'spring.devtools.add-properties' to 'false' to disable
2025-08-13 11:27:23 [restartedMain] INFO  org.springframework.boot.devtools.env.DevToolsPropertyDefaultsPostProcessor - For additional web related logging consider setting the 'logging.level.web' property to 'DEBUG'
2025-08-13 11:27:24 [restartedMain] INFO  org.springframework.data.repository.config.RepositoryConfigurationDelegate - Bootstrapping Spring Data JPA repositories in DEFAULT mode.
2025-08-13 11:27:24 [restartedMain] INFO  org.springframework.data.repository.config.RepositoryConfigurationDelegate - Finished Spring Data repository scanning in 74 ms. Found 4 JPA repository interfaces.
2025-08-13 11:27:25 [restartedMain] INFO  org.springframework.boot.web.embedded.tomcat.TomcatWebServer - Tomcat initialized with port(s): 8089 (http)
2025-08-13 11:27:25 [restartedMain] INFO  org.apache.coyote.http11.Http11NioProtocol - Initializing ProtocolHandler ["http-nio-8089"]
2025-08-13 11:27:25 [restartedMain] INFO  org.apache.catalina.core.StandardService - Starting service [Tomcat]
2025-08-13 11:27:25 [restartedMain] INFO  org.apache.catalina.core.StandardEngine - Starting Servlet engine: [Apache Tomcat/9.0.76]
2025-08-13 11:27:25 [restartedMain] INFO  org.apache.catalina.core.ContainerBase.[Tomcat].[localhost].[/] - Initializing Spring embedded WebApplicationContext
2025-08-13 11:27:25 [restartedMain] INFO  org.springframework.boot.web.servlet.context.ServletWebServerApplicationContext - Root WebApplicationContext: initialization completed in 2468 ms
2025-08-13 11:27:26 [restartedMain] INFO  org.hibernate.jpa.internal.util.LogHelper - HHH000204: Processing PersistenceUnitInfo [name: default]
2025-08-13 11:27:26 [restartedMain] INFO  org.hibernate.Version - HHH000412: Hibernate ORM core version 5.6.15.Final
2025-08-13 11:27:26 [restartedMain] INFO  org.hibernate.annotations.common.Version - HCANN000001: Hibernate Commons Annotations {5.1.2.Final}
2025-08-13 11:27:26 [restartedMain] INFO  com.zaxxer.hikari.HikariDataSource - HikariPool-1 - Starting...
2025-08-13 11:27:26 [restartedMain] INFO  com.zaxxer.hikari.HikariDataSource - HikariPool-1 - Start completed.
2025-08-13 11:27:26 [restartedMain] INFO  org.hibernate.dialect.Dialect - HHH000400: Using dialect: org.hibernate.dialect.MySQL8Dialect
2025-08-13 11:27:27 [restartedMain] INFO  org.hibernate.engine.transaction.jta.platform.internal.JtaPlatformInitiator - HHH000490: Using JtaPlatform implementation: [org.hibernate.engine.transaction.jta.platform.internal.NoJtaPlatform]
2025-08-13 11:27:27 [restartedMain] INFO  org.springframework.orm.jpa.LocalContainerEntityManagerFactoryBean - Initialized JPA EntityManagerFactory for persistence unit 'default'
2025-08-13 11:27:28 [restartedMain] INFO  org.springframework.security.web.DefaultSecurityFilterChain - Will secure any request with [org.springframework.security.web.session.DisableEncodeUrlFilter@55f0f799, org.springframework.security.web.context.request.async.WebAsyncManagerIntegrationFilter@7c8eeead, org.springframework.security.web.context.SecurityContextPersistenceFilter@a1a0823, org.springframework.security.web.header.HeaderWriterFilter@24b3969a, org.springframework.security.web.authentication.logout.LogoutFilter@cbf74f8, com.bocxy.ecom.jwt.JwtRequestFilter@b3d5d50, org.springframework.security.web.savedrequest.RequestCacheAwareFilter@1c706a1f, org.springframework.security.web.servletapi.SecurityContextHolderAwareRequestFilter@2d3049bd, org.springframework.security.web.authentication.AnonymousAuthenticationFilter@2e22e7b2, org.springframework.security.web.session.SessionManagementFilter@403d1f50, org.springframework.security.web.access.ExceptionTranslationFilter@42f36671, org.springframework.security.web.access.intercept.FilterSecurityInterceptor@212deb14]
2025-08-13 11:27:30 [restartedMain] INFO  org.springframework.boot.devtools.autoconfigure.OptionalLiveReloadServer - LiveReload server is running on port 35729
2025-08-13 11:27:30 [restartedMain] INFO  org.apache.coyote.http11.Http11NioProtocol - Starting ProtocolHandler ["http-nio-8089"]
2025-08-13 11:27:30 [restartedMain] INFO  org.springframework.boot.web.embedded.tomcat.TomcatWebServer - Tomcat started on port(s): 8089 (http) with context path ''
2025-08-13 11:27:30 [restartedMain] INFO  com.bocxy.ecom.ECom - Started ECom in 7.626 seconds (JVM running for 8.731)
2025-08-13 11:27:41 [http-nio-8089-exec-1] INFO  org.apache.catalina.core.ContainerBase.[Tomcat].[localhost].[/] - Initializing Spring DispatcherServlet 'dispatcherServlet'
2025-08-13 11:27:41 [http-nio-8089-exec-1] INFO  org.springframework.web.servlet.DispatcherServlet - Initializing Servlet 'dispatcherServlet'
2025-08-13 11:27:41 [http-nio-8089-exec-1] INFO  org.springframework.web.servlet.DispatcherServlet - Completed initialization in 2 ms
2025-08-13 11:27:43 [http-nio-8089-exec-9] INFO  org.springdoc.api.AbstractOpenApiResource - Init duration for springdoc-openapi is: 932 ms
